
> heyx-me@1.0.0 start
> node scripts/start.js

🧹 Cleaning up old processes...
   Killed old Server (PID 20170)
   Killed old Agent (PID 20171)
🔍 Running Checks...
🔍 Running Pre-flight Checks...
✓ .env file found
   Verifying syntax...
✓ app.jsx passed syntax check
✓ agent.js passed syntax check
✓ server.js passed syntax check
✓ nanie/app.jsx passed syntax check
✓ rafi/app.jsx passed syntax check
✓ nanie/agent.mjs passed syntax check
✓ rafi/agent.js passed syntax check

✨ All checks passed! Ready to launch.
📝 Logging to: /data/data/com.termux/files/home/heyx-me/logs/session-2026-02-23T18-35-04-438Z.log
🚀 Started Server (PID 22921)
🚀 Started Agent (PID 22922)
[Server] [dotenv@17.2.3] injecting env (0) from .env -- tip: ⚙️  suppress all logs with { quiet: true }
[Server] [Server] 
[Server] 🚀 Heyx Hub is running!
[Server] ➜  Local:   http://localhost:3000/
[Server] [Agent] [dotenv@17.2.3] injecting env (0) from .env -- tip: 🔐 prevent building .env in docker: https://dotenvx.com/prebuild
[Agent] [Agent] --------------------------------------------------
[Agent] AGENT STARTING V4.0 - TIMESTAMP: 2026-02-23T18:35:05.284Z
[Agent] --------------------------------------------------
[Agent] [Alex] Supabase URL: https://gsyozgedljmcpsysstpz.supabase.co
[Agent] [Alex] Key Length: 219
[Agent] [Agent] [Alex] Initializing Rafi Agent...
[Agent] [Agent] [Alex] Initializing Nanie Agent...
[Agent] [Agent] [NanieAgent] Constructor called - V4.0 (Batch 100, Serial Lock)
[Agent] [Agent] [NanieAgent] Initializing V4.0...
[Agent] [Agent] [Alex] Nanie Agent initialized.
[Agent] [Alex] Agent starting (Global Listener + Polling)...
[Agent] [Agent] [Alex] Running cleanup task for stuck ephemeral messages...
[Agent] [Agent] [RafiAgent] Auth server running on port 3001
[Agent] [Agent] [RafiAgent] Starting Serveo tunnel...
[Agent] [Agent] [Tunnel stderr] Pseudo-terminal will not be allocated because stdin is not a terminal.
[Agent] [Agent] ⚠️ The printQRInTerminal option has been deprecated. You will no longer receive QR codes in the terminal automatically. Please listen to the connection.update event yourself and handle the QR your way. You can remove this message by removing this opttion. This message will be removed in a future version.
[Agent] [Agent] [NanieAgent] Server running on port 3002
[Agent] [Agent] [Alex] Listening on ALL rooms... Status: SUBSCRIBED
[Agent] [Agent] [Tunnel] [32mForwarding HTTP traffic from https://69baa2b1cde0ea6d-147-236-228-168.serveousercontent.com
[Agent] [0m
[Agent] [Agent] [RafiAgent] Public Tunnel URL: https://69baa2b1cde0ea6d-147-236-228-168.serveousercontent.com
[Agent] 